Wed Nov 22 12:00:05 PM CST 2023
Thu Nov 23 12:00:05 PM CST 2023
Fri Nov 24 12:00:05 PM CST 2023
Sun Nov 26 12:00:05 PM CST 2023
Mon Nov 27 12:00:06 PM CST 2023
Tue Nov 28 12:00:06 PM CST 2023
Wed Nov 29 12:00:05 PM CST 2023
Thu Nov 30 12:00:06 PM CST 2023
Fri Dec  1 12:00:05 PM CST 2023
Sun Dec  3 12:00:05 PM CST 2023
Mon Dec  4 12:00:05 PM CST 2023
Tue Dec  5 12:00:06 PM CST 2023
Wed Dec  6 12:00:06 PM CST 2023
Thu Dec  7 12:00:06 PM CST 2023
Fri Dec  8 12:00:06 PM CST 2023
Sat Dec  9 12:00:05 PM CST 2023
Sun Dec 10 12:00:05 PM CST 2023
Mon Dec 11 12:00:06 PM CST 2023
Tue Dec 12 12:00:05 PM CST 2023
Wed Dec 13 12:00:05 PM CST 2023
Thu Dec 14 12:00:05 PM CST 2023
Fri Dec 15 12:00:05 PM CST 2023
